<?xml version='1.0' encoding='UTF-8'?>
<testsuite hostname="susans-MacBook-Pro.local" name="example.ListsSuite" tests="9" errors="0" failures="0" skipped="0" time="0.013">
                     <properties>
[...]
</properties>
                     <testcase classname="example.ListsSuite" name="one plus one is two" time="0.008">
                                                 
                                               </testcase><testcase classname="example.ListsSuite" name="one plus one is three?" time="0.0">
                                                 
                                               </testcase><testcase classname="example.ListsSuite" name="details why one plus one is not three" time="0.003">
                                                 
                                               </testcase><testcase classname="example.ListsSuite" name="intNotZero throws an exception if its argument is 0" time="0.0">
                                                 
                                               </testcase><testcase classname="example.ListsSuite" name="sum of a few numbers" time="0.001">
                                                 
                                               </testcase><testcase classname="example.ListsSuite" name="empty list" time="0.0">
                                                 
                                               </testcase><testcase classname="example.ListsSuite" name="negative numbers" time="0.001">
                                                 
                                               </testcase><testcase classname="example.ListsSuite" name="max of a few numbers" time="0.0">
                                                 
                                               </testcase><testcase classname="example.ListsSuite" name="repeated elements" time="0.0">
                                                 
                                               </testcase>
                     <system-out></system-out>
                     <system-err></system-err>
                   </testsuite>